<?xml version="1.0" encoding="UTF-8"?>
<!-- Generated by org.testng.reporters.JUnitReportReporter -->
<testsuite hostname="LAPTOP-EHA2AUGL" failures="0" tests="4" name="com.seleniumgrid.SeleniumWithTestNg" time="2.287" errors="0" timestamp="2023-01-27T12:12:26 MST" skipped="0">
  <testcase classname="com.seleniumgrid.SeleniumWithTestNg" name="startBrowser" time="2.270"/>
  <system-out/>
  <testcase classname="com.seleniumgrid.SeleniumWithTestNg" name="verifyURL" time="0.010"/>
  <system-out/>
  <testcase classname="com.seleniumgrid.SeleniumWithTestNg" name="verifyTitle" time="0.007"/>
  <system-out/>
  <testcase classname="com.seleniumgrid.SeleniumWithTestNg" name="footerCount" time="0.000"/>
  <system-out/>
</testsuite> <!-- com.seleniumgrid.SeleniumWithTestNg -->
