<?xml version="1.0" encoding="UTF-8"?>
<!-- Generated by org.testng.reporters.JUnitReportReporter -->
<testsuite hostname="LAPTOP-EHA2AUGL" failures="0" tests="1" name="com.wordpress.Testcases.VerifyWordpressLogin" time="7.685" errors="0" timestamp="2023-02-01T10:51:04 MST" skipped="0">
  <testcase classname="com.wordpress.Testcases.VerifyWordpressLogin" name="verifyValidLogin" time="7.685"/>
  <system-out/>
</testsuite> <!-- com.wordpress.Testcases.VerifyWordpressLogin -->
