<?xml version="1.0" encoding="UTF-8"?>
<!-- Generated by org.testng.reporters.JUnitReportReporter -->
<testsuite hostname="LAPTOP-EHA2AUGL" failures="0" tests="3" name="com.crossbrowser.CrossBrowserTesting" time="16.490" errors="0" timestamp="2023-01-26T09:06:37 MST" skipped="0">
  <testcase classname="com.crossbrowser.CrossBrowserTesting" name="login" time="3.947"/>
  <system-out>
    <![CDATA[Google]]>
  </system-out>
  <testcase classname="com.crossbrowser.CrossBrowserTesting" name="login" time="8.915"/>
  <system-out>
    <![CDATA[Google]]>
  </system-out>
  <testcase classname="com.crossbrowser.CrossBrowserTesting" name="login" time="3.628"/>
  <system-out>
    <![CDATA[Google]]>
  </system-out>
</testsuite> <!-- com.crossbrowser.CrossBrowserTesting -->
