<?xml version="1.0" encoding="UTF-8"?>
<!-- Generated by org.testng.reporters.JUnitReportReporter -->
<testsuite hostname="LAPTOP-EHA2AUGL" failures="0" tests="1" name="com.crossbrowser.ReadExcel" time="0.674" errors="0" timestamp="2023-01-29T10:55:23 MST" skipped="0">
  <testcase classname="com.crossbrowser.ReadExcel" name="readEcel" time="0.674"/>
  <system-out/>
</testsuite> <!-- com.crossbrowser.ReadExcel -->
