<?xml version="1.0" encoding="UTF-8"?>
<!-- Generated by org.testng.reporters.JUnitReportReporter -->
<testsuite hostname="LAPTOP-EHA2AUGL" failures="0" tests="2" name="com.seleniumgrid.SkipTest" time="0.012" errors="0" timestamp="2023-01-22T09:07:10 MST" skipped="0">
  <testcase classname="com.seleniumgrid.SkipTest" name="login" time="0.011"/>
  <system-out>
    <![CDATA[Login to application]]>
  </system-out>
  <testcase classname="com.seleniumgrid.SkipTest" name="logout" time="0.001"/>
  <system-out>
    <![CDATA[Logout from application]]>
  </system-out>
</testsuite> <!-- com.seleniumgrid.SkipTest -->
