<?xml version="1.0" encoding="UTF-8"?>
<!-- Generated by org.testng.reporters.JUnitReportReporter -->
<testsuite hostname="LAPTOP-EHA2AUGL" failures="0" tests="7" name="com.ddtviaExcel.SampleTestDDT" time="0.013" errors="0" timestamp="2023-01-30T10:40:51 MST" skipped="0">
  <testcase classname="com.ddtviaExcel.SampleTestDDT" name="sample" time="0.007"/>
  <system-out/>
  <testcase classname="com.ddtviaExcel.SampleTestDDT" name="sample" time="0.001"/>
  <system-out/>
  <testcase classname="com.ddtviaExcel.SampleTestDDT" name="sample" time="0.001"/>
  <system-out/>
  <testcase classname="com.ddtviaExcel.SampleTestDDT" name="sample" time="0.002"/>
  <system-out/>
  <testcase classname="com.ddtviaExcel.SampleTestDDT" name="sample" time="0.001"/>
  <system-out/>
  <testcase classname="com.ddtviaExcel.SampleTestDDT" name="sample" time="0.001"/>
  <system-out/>
  <testcase classname="com.ddtviaExcel.SampleTestDDT" name="sample" time="0.000"/>
  <system-out/>
</testsuite> <!-- com.ddtviaExcel.SampleTestDDT -->
