<?xml version="1.0" encoding="UTF-8"?>
<!-- Generated by org.testng.reporters.JUnitReportReporter -->
<testsuite hostname="LAPTOP-EHA2AUGL" failures="0" tests="4" name="com.seleniumgrid.MyFirstTestNG2" time="0.013" errors="0" timestamp="2023-01-17T11:32:21 MST" skipped="0">
  <testcase classname="com.seleniumgrid.MyFirstTestNG2" name="logOutFromApp" time="0.009"/>
  <system-out/>
  <testcase classname="com.seleniumgrid.MyFirstTestNG2" name="makePayement" time="0.002"/>
  <system-out/>
  <testcase classname="com.seleniumgrid.MyFirstTestNG2" name="login" time="0.001"/>
  <system-out/>
  <testcase classname="com.seleniumgrid.MyFirstTestNG2" name="createAccount" time="0.001"/>
  <system-out/>
</testsuite> <!-- com.seleniumgrid.MyFirstTestNG2 -->
