<?xml version="1.0" encoding="UTF-8"?>
<!-- Generated by org.testng.reporters.JUnitReportReporter -->
<testsuite hostname="LAPTOP-EHA2AUGL" failures="0" tests="8" name="com.seleniumgrid.AssertDemo" time="0.004" errors="0" timestamp="2023-01-27T12:12:26 MST" skipped="0">
  <testcase classname="com.seleniumgrid.AssertDemo" name="test7" time="0.001"/>
  <system-out/>
  <testcase classname="com.seleniumgrid.AssertDemo" name="test6" time="0.000"/>
  <system-out/>
  <testcase classname="com.seleniumgrid.AssertDemo" name="test3" time="0.001"/>
  <system-out/>
  <testcase classname="com.seleniumgrid.AssertDemo" name="test4" time="0.001"/>
  <system-out/>
  <testcase classname="com.seleniumgrid.AssertDemo" name="test8" time="0.000"/>
  <system-out/>
  <testcase classname="com.seleniumgrid.AssertDemo" name="test2" time="0.001"/>
  <system-out/>
  <testcase classname="com.seleniumgrid.AssertDemo" name="test5" time="0.000"/>
  <system-out/>
  <testcase classname="com.seleniumgrid.AssertDemo" name="test1" time="0.000"/>
  <system-out/>
</testsuite> <!-- com.seleniumgrid.AssertDemo -->
