<?xml version="1.0" encoding="UTF-8"?>
<!-- Generated by org.testng.reporters.JUnitReportReporter -->
<testsuite hostname="LAPTOP-EHA2AUGL" failures="0" tests="3" name="com.seleniumgrid.MyFirstTestNG" time="0.012" errors="0" timestamp="2023-01-17T10:11:18 MST" skipped="0">
  <testcase classname="com.seleniumgrid.MyFirstTestNG" name="test3" time="0.002"/>
  <system-out/>
  <testcase classname="com.seleniumgrid.MyFirstTestNG" name="test1" time="0.009"/>
  <system-out/>
  <testcase classname="com.seleniumgrid.MyFirstTestNG" name="test2" time="0.001"/>
  <system-out/>
</testsuite> <!-- com.seleniumgrid.MyFirstTestNG -->
