<?xml version="1.0" encoding="UTF-8"?>
<!-- Generated by org.testng.reporters.JUnitReportReporter -->
<testsuite hostname="LAPTOP-EHA2AUGL" failures="0" tests="3" name="com.testNg.ParallelExecution2" time="7.571" errors="0" timestamp="2023-01-23T12:53:56 MST" skipped="0">
  <testcase classname="com.testNg.ParallelExecution2" name="test1" time="4.449"/>
  <system-out/>
  <testcase classname="com.testNg.ParallelExecution2" name="test2" time="1.548"/>
  <system-out/>
  <testcase classname="com.testNg.ParallelExecution2" name="test3" time="1.574"/>
  <system-out/>
</testsuite> <!-- com.testNg.ParallelExecution2 -->
