<?xml version="1.0" encoding="UTF-8"?>
<!-- Generated by org.testng.reporters.JUnitReportReporter -->
<testsuite hostname="LAPTOP-EHA2AUGL" failures="0" tests="3" name="com.assignment.Assinment9Test" time="14.096" errors="0" timestamp="2023-01-27T12:36:59 MST" skipped="0">
  <testcase classname="com.assignment.Assinment9Test" name="signUp" time="4.546"/>
  <system-out/>
  <testcase classname="com.assignment.Assinment9Test" name="signUp" time="4.524"/>
  <system-out/>
  <testcase classname="com.assignment.Assinment9Test" name="signUp" time="5.026"/>
  <system-out/>
</testsuite> <!-- com.assignment.Assinment9Test -->
