<?xml version="1.0" encoding="UTF-8"?>
<!-- Generated by org.testng.reporters.JUnitReportReporter -->
<testsuite hostname="LAPTOP-EHA2AUGL" failures="0" tests="1" name="com.extentreports.ExtentReportsDemo" time="0.486" errors="0" timestamp="2023-02-14T09:19:54 MST" skipped="0">
  <testcase classname="com.extentreports.ExtentReportsDemo" name="generateReport" time="0.486"/>
  <system-out/>
</testsuite> <!-- com.extentreports.ExtentReportsDemo -->
