<?xml version="1.0" encoding="UTF-8"?>
<!-- Generated by org.testng.reporters.JUnitReportReporter -->
<testsuite hostname="LAPTOP-EHA2AUGL" failures="0" tests="1" name="com.ddtviaExcel.ReadingConfiguration" time="0.006" errors="0" timestamp="2023-02-01T10:09:52 MST" skipped="0">
  <testcase classname="com.ddtviaExcel.ReadingConfiguration" name="readConfig" time="0.006"/>
  <system-out/>
</testsuite> <!-- com.ddtviaExcel.ReadingConfiguration -->
