<?xml version="1.0" encoding="UTF-8"?>
<!-- Generated by org.testng.reporters.JUnitReportReporter -->
<testsuite hostname="LAPTOP-EHA2AUGL" failures="0" tests="2" name="com.seleniumgrid.SoftAssertDemo" time="0.006" errors="0" timestamp="2023-01-27T12:12:26 MST" skipped="0">
  <testcase classname="com.seleniumgrid.SoftAssertDemo" name="test1" time="0.001"/>
  <system-out>
    <![CDATA[Test started
Test failed]]>
  </system-out>
  <testcase classname="com.seleniumgrid.SoftAssertDemo" name="test2" time="0.005"/>
  <system-out>
    <![CDATA[Test started
Test End]]>
  </system-out>
</testsuite> <!-- com.seleniumgrid.SoftAssertDemo -->
