<?xml version="1.0" encoding="UTF-8"?>
<!-- Generated by org.testng.reporters.JUnitReportReporter -->
<testsuite hostname="LAPTOP-EHA2AUGL" failures="0" tests="1" name="com.testNg.ParameterDemo" time="0.006" errors="0" timestamp="2023-01-23T13:36:59 MST" skipped="0">
  <testcase classname="com.testNg.ParameterDemo" name="test1" time="0.006"/>
  <system-out>
    <![CDATA[Browsername is Chrome]]>
  </system-out>
</testsuite> <!-- com.testNg.ParameterDemo -->
