<?xml version="1.0" encoding="UTF-8"?>
<!-- Generated by org.testng.reporters.JUnitReportReporter -->
<testsuite hostname="LAPTOP-EHA2AUGL" failures="0" tests="3" name="com.testNg.ParallelExecution" time="0.008" errors="0" timestamp="2023-01-23T12:53:56 MST" skipped="0">
  <testcase classname="com.testNg.ParallelExecution" name="test2" time="0.000"/>
  <system-out>
    <![CDATA[test 1 executed]]>
  </system-out>
  <testcase classname="com.testNg.ParallelExecution" name="test1" time="0.006"/>
  <system-out>
    <![CDATA[test 1 executed]]>
  </system-out>
  <testcase classname="com.testNg.ParallelExecution" name="test3" time="0.002"/>
  <system-out>
    <![CDATA[test 1 executed]]>
  </system-out>
</testsuite> <!-- com.testNg.ParallelExecution -->
